Determining if the pthread_create exist failed with the following output:
Change Dir: /home/haopi3/rikirobot/catkin_ws/build/CMakeFiles/CMakeTmp

Run Build Command:"/usr/bin/make" "cmTC_cd510/fast"
/usr/bin/make -f CMakeFiles/cmTC_cd510.dir/build.make CMakeFiles/cmTC_cd510.dir/build
make[1]: Entering directory '/home/haopi3/rikirobot/catkin_ws/build/CMakeFiles/CMakeTmp'
Building C object CMakeFiles/cmTC_cd510.dir/CheckSymbolExists.c.o
/usr/bin/cc     -o CMakeFiles/cmTC_cd510.dir/CheckSymbolExists.c.o   -c /home/haopi3/rikirobot/catkin_ws/build/CMakeFiles/CMakeTmp/CheckSymbolExists.c
Linking C executable cmTC_cd510
/usr/bin/cmake -E cmake_link_script CMakeFiles/cmTC_cd510.dir/link.txt --verbose=1
/usr/bin/cc       CMakeFiles/cmTC_cd510.dir/CheckSymbolExists.c.o  -o cmTC_cd510 -rdynamic 
CMakeFiles/cmTC_cd510.dir/CheckSymbolExists.c.o: In function `main':
CheckSymbolExists.c:(.text+0xe): undefined reference to `pthread_create'
CheckSymbolExists.c:(.text+0x12): undefined reference to `pthread_create'
collect2: error: ld returned 1 exit status
CMakeFiles/cmTC_cd510.dir/build.make:97: recipe for target 'cmTC_cd510' failed
make[1]: *** [cmTC_cd510] Error 1
make[1]: Leaving directory '/home/haopi3/rikirobot/catkin_ws/build/CMakeFiles/CMakeTmp'
Makefile:126: recipe for target 'cmTC_cd510/fast' failed
make: *** [cmTC_cd510/fast] Error 2

File /home/haopi3/rikirobot/catkin_ws/build/CMakeFiles/CMakeTmp/CheckSymbolExists.c:
/* */
#include <pthread.h>

int main(int argc, char** argv)
{
  (void)argv;
#ifndef pthread_create
  return ((int*)(&pthread_create))[argc];
#else
  (void)argc;
  return 0;
#endif
}

Determining if the function pthread_create exists in the pthreads failed with the following output:
Change Dir: /home/haopi3/rikirobot/catkin_ws/build/CMakeFiles/CMakeTmp

Run Build Command:"/usr/bin/make" "cmTC_0ce59/fast"
/usr/bin/make -f CMakeFiles/cmTC_0ce59.dir/build.make CMakeFiles/cmTC_0ce59.dir/build
make[1]: Entering directory '/home/haopi3/rikirobot/catkin_ws/build/CMakeFiles/CMakeTmp'
Building C object CMakeFiles/cmTC_0ce59.dir/CheckFunctionExists.c.o
/usr/bin/cc    -DCHECK_FUNCTION_EXISTS=pthread_create   -o CMakeFiles/cmTC_0ce59.dir/CheckFunctionExists.c.o   -c /usr/share/cmake-3.5/Modules/CheckFunctionExists.c
Linking C executable cmTC_0ce59
/usr/bin/cmake -E cmake_link_script CMakeFiles/cmTC_0ce59.dir/link.txt --verbose=1
/usr/bin/cc   -DCHECK_FUNCTION_EXISTS=pthread_create    CMakeFiles/cmTC_0ce59.dir/CheckFunctionExists.c.o  -o cmTC_0ce59 -rdynamic -lpthreads 
/usr/bin/ld: cannot find -lpthreads
collect2: error: ld returned 1 exit status
CMakeFiles/cmTC_0ce59.dir/build.make:97: recipe for target 'cmTC_0ce59' failed
make[1]: *** [cmTC_0ce59] Error 1
make[1]: Leaving directory '/home/haopi3/rikirobot/catkin_ws/build/CMakeFiles/CMakeTmp'
Makefile:126: recipe for target 'cmTC_0ce59/fast' failed
make: *** [cmTC_0ce59/fast] Error 2


Determining if the Q_WS_WIN exist failed with the following output:
Change Dir: /home/haopi3/rikirobot/catkin_ws/build/CMakeFiles/CMakeTmp

Run Build Command:"/usr/bin/make" "cmTC_5af49/fast"
/usr/bin/make -f CMakeFiles/cmTC_5af49.dir/build.make CMakeFiles/cmTC_5af49.dir/build
make[1]: Entering directory '/home/haopi3/rikirobot/catkin_ws/build/CMakeFiles/CMakeTmp'
Building CXX object CMakeFiles/cmTC_5af49.dir/CheckSymbolExists.cxx.o
/usr/bin/c++    -I/usr/include/qt4   -o CMakeFiles/cmTC_5af49.dir/CheckSymbolExists.cxx.o -c /home/haopi3/rikirobot/catkin_ws/build/CMakeFiles/CMakeTmp/CheckSymbolExists.cxx
/home/haopi3/rikirobot/catkin_ws/build/CMakeFiles/CMakeTmp/CheckSymbolExists.cxx: In function ‘int main(int, char**)’:
/home/haopi3/rikirobot/catkin_ws/build/CMakeFiles/CMakeTmp/CheckSymbolExists.cxx:8:19: error: ‘Q_WS_WIN’ was not declared in this scope
   return ((int*)(&Q_WS_WIN))[argc];
                   ^
CMakeFiles/cmTC_5af49.dir/build.make:65: recipe for target 'CMakeFiles/cmTC_5af49.dir/CheckSymbolExists.cxx.o' failed
make[1]: *** [CMakeFiles/cmTC_5af49.dir/CheckSymbolExists.cxx.o] Error 1
make[1]: Leaving directory '/home/haopi3/rikirobot/catkin_ws/build/CMakeFiles/CMakeTmp'
Makefile:126: recipe for target 'cmTC_5af49/fast' failed
make: *** [cmTC_5af49/fast] Error 2

File /home/haopi3/rikirobot/catkin_ws/build/CMakeFiles/CMakeTmp/CheckSymbolExists.cxx:
/* */
#include <QtCore/qglobal.h>

int main(int argc, char** argv)
{
  (void)argv;
#ifndef Q_WS_WIN
  return ((int*)(&Q_WS_WIN))[argc];
#else
  (void)argc;
  return 0;
#endif
}

Determining if the Q_WS_QWS exist failed with the following output:
Change Dir: /home/haopi3/rikirobot/catkin_ws/build/CMakeFiles/CMakeTmp

Run Build Command:"/usr/bin/make" "cmTC_20e5f/fast"
/usr/bin/make -f CMakeFiles/cmTC_20e5f.dir/build.make CMakeFiles/cmTC_20e5f.dir/build
make[1]: Entering directory '/home/haopi3/rikirobot/catkin_ws/build/CMakeFiles/CMakeTmp'
Building CXX object CMakeFiles/cmTC_20e5f.dir/CheckSymbolExists.cxx.o
/usr/bin/c++    -I/usr/include/qt4   -o CMakeFiles/cmTC_20e5f.dir/CheckSymbolExists.cxx.o -c /home/haopi3/rikirobot/catkin_ws/build/CMakeFiles/CMakeTmp/CheckSymbolExists.cxx
/home/haopi3/rikirobot/catkin_ws/build/CMakeFiles/CMakeTmp/CheckSymbolExists.cxx: In function ‘int main(int, char**)’:
/home/haopi3/rikirobot/catkin_ws/build/CMakeFiles/CMakeTmp/CheckSymbolExists.cxx:8:19: error: ‘Q_WS_QWS’ was not declared in this scope
   return ((int*)(&Q_WS_QWS))[argc];
                   ^
CMakeFiles/cmTC_20e5f.dir/build.make:65: recipe for target 'CMakeFiles/cmTC_20e5f.dir/CheckSymbolExists.cxx.o' failed
make[1]: *** [CMakeFiles/cmTC_20e5f.dir/CheckSymbolExists.cxx.o] Error 1
make[1]: Leaving directory '/home/haopi3/rikirobot/catkin_ws/build/CMakeFiles/CMakeTmp'
Makefile:126: recipe for target 'cmTC_20e5f/fast' failed
make: *** [cmTC_20e5f/fast] Error 2

File /home/haopi3/rikirobot/catkin_ws/build/CMakeFiles/CMakeTmp/CheckSymbolExists.cxx:
/* */
#include <QtCore/qglobal.h>

int main(int argc, char** argv)
{
  (void)argv;
#ifndef Q_WS_QWS
  return ((int*)(&Q_WS_QWS))[argc];
#else
  (void)argc;
  return 0;
#endif
}

Determining if the Q_WS_MAC exist failed with the following output:
Change Dir: /home/haopi3/rikirobot/catkin_ws/build/CMakeFiles/CMakeTmp

Run Build Command:"/usr/bin/make" "cmTC_4c6a3/fast"
/usr/bin/make -f CMakeFiles/cmTC_4c6a3.dir/build.make CMakeFiles/cmTC_4c6a3.dir/build
make[1]: Entering directory '/home/haopi3/rikirobot/catkin_ws/build/CMakeFiles/CMakeTmp'
Building CXX object CMakeFiles/cmTC_4c6a3.dir/CheckSymbolExists.cxx.o
/usr/bin/c++    -I/usr/include/qt4   -o CMakeFiles/cmTC_4c6a3.dir/CheckSymbolExists.cxx.o -c /home/haopi3/rikirobot/catkin_ws/build/CMakeFiles/CMakeTmp/CheckSymbolExists.cxx
/home/haopi3/rikirobot/catkin_ws/build/CMakeFiles/CMakeTmp/CheckSymbolExists.cxx: In function ‘int main(int, char**)’:
/home/haopi3/rikirobot/catkin_ws/build/CMakeFiles/CMakeTmp/CheckSymbolExists.cxx:8:19: error: ‘Q_WS_MAC’ was not declared in this scope
   return ((int*)(&Q_WS_MAC))[argc];
                   ^
CMakeFiles/cmTC_4c6a3.dir/build.make:65: recipe for target 'CMakeFiles/cmTC_4c6a3.dir/CheckSymbolExists.cxx.o' failed
make[1]: *** [CMakeFiles/cmTC_4c6a3.dir/CheckSymbolExists.cxx.o] Error 1
make[1]: Leaving directory '/home/haopi3/rikirobot/catkin_ws/build/CMakeFiles/CMakeTmp'
Makefile:126: recipe for target 'cmTC_4c6a3/fast' failed
make: *** [cmTC_4c6a3/fast] Error 2

File /home/haopi3/rikirobot/catkin_ws/build/CMakeFiles/CMakeTmp/CheckSymbolExists.cxx:
/* */
#include <QtCore/qglobal.h>

int main(int argc, char** argv)
{
  (void)argv;
#ifndef Q_WS_MAC
  return ((int*)(&Q_WS_MAC))[argc];
#else
  (void)argc;
  return 0;
#endif
}

